<?xml version="1.0" encoding="UTF-8" ?>
<testsuites disabled="0" errors="0" failures="0" tests="3" time="6.546">
 <testsuite name="loadPage" timestamp="2021-06-30T20:47:57" hostname="localhost" time="3.068" errors="0" tests="1" skipped="0" disabled="0" failures="0">
  <testcase classname="loadPage" name="just load the page" time="3.067" />
 </testsuite>
 <testsuite name="helloworldsteps" timestamp="2021-06-30T20:48:00" hostname="localhost" time="3.478" errors="0" tests="2" skipped="0" disabled="0" failures="0">
  <testcase classname="helloworldsteps" name="should greet the named user" time="1.894" />
  <testcase classname="helloworldsteps" name="should list todos" time="1.583" />
 </testsuite>
</testsuites>