<?xml version="1.0" encoding="UTF-8" ?>
<testsuites disabled="0" errors="0" failures="0" tests="3" time="11.242">
 <testsuite name="loadPage" timestamp="2021-06-30T21:23:28" hostname="localhost" time="6.941" errors="0" tests="1" skipped="0" disabled="0" failures="0">
  <testcase classname="loadPage" name="just load the page" time="6.938" />
 </testsuite>
 <testsuite name="helloworldsteps" timestamp="2021-06-30T21:23:35" hostname="localhost" time="4.301" errors="0" tests="2" skipped="0" disabled="0" failures="0">
  <testcase classname="helloworldsteps" name="should greet the named user" time="2.314" />
  <testcase classname="helloworldsteps" name="should list todos" time="1.987" />
 </testsuite>
</testsuites>